{"logTime": "0415/174108", "correlationVector":"mc5FwOkjY7Q7IDkDKbk67e.1","action":"SyncServerConnectionManagerRequest", "result":"SYNC_SERVER_OK", "context":{"environment":"Prod_germanywestcentral_prod-s01-010-eur-germanywestcentral", "migrationStage":"NotStarted", "server":"akswtt00600001p"}}
{"logTime": "0415/174108", "correlationVector":"mc5FwOkjY7Q7IDkDKbk67e.2","action":"ProcessGetUpdates", "result":"Done", "context":{"dataType":"Encryption Keys", "deleted":"0", "process_failed_to_decrypt":"0", "process_pending_decryption":"0", "process_success":"1", "total":"1"}}
{"logTime": "0415/174108", "correlationVector":"lHorrLJUIQz9BzOcCjRoLV","action":"SyncServerConnectionManagerRequest", "result":"SYNC_SERVER_OK", "context":{"environment":"", "migrationStage":"", "server":""}}
{"logTime": "0415/174108", "correlationVector":"lHorrLJUIQz9BzOcCjRoLV.0","action":"EncryptionKeysFetcher.DownloadKeys:", "result":"Success", "context":Key count: 8, Last key timestamp: 2025-03-28T12:23:49Z}
{"logTime": "0415/174108", "correlationVector":"lHorrLJUIQz9BzOcCjRoLV.1","action":"EncryptionKeysManager::SetEncryptionKeys:", "result":"Success", "context":Key names[8]:[t+DQfZdwzU9mGyHeMxtDgQzCp3fNy80Aql70SqS5mACAL/MO66COz6tsuy9ClbETMa17XPxcVSNp6V5d0jQmEg==][3UVQlkB2dtySjvqYiDpGbQZkWVmBl0QA/OP4lpVurbQYTmK1OpEUcHQmC2659Q/UUjpBsS0awVmtkiwNJpIm7w==][m/3tWHF0Ja+XvmVPPV3j4HXNWArylnWqFGThQm7Kb9fsQ+Ir1zvyIOW9J86ghdU4YKLyihPBY/JpY7xWrYKkCQ==][t4fYH627lLBcveGnVgNxj1qXb+kAoDYMn/cbPFE+7R2RTmK4y8/QVLvxctGwf+XTSsS3u3uFl5IQBvC1muwLBg==][j6GJZET4RxAgk8XXdkzq4BoIoCymrjqH1SBsSdlZvymsGrZqmDd3nPiPirqXaxHAyhXhB+WmPugnFMQAWqzfbw==][sBCknAjL1WabmW6tdQ4XPekxtRhAkd9OIxByafw9TEtbOFH8vftCMYfgZ8MXafzpoQuDoLg1TpJIAkg72uvesA==][sp0AixDf9zQfA9VwVHtRpba0eprR+fNzYPxnjco5utzxt2jZfaDnlgm6ECL43m+O7lrHDHNqSHSyaZsoE1r7nA==][fexrBS2/D5YEsTgksTt4stOU7LENORp5jchMvzp1hfEA0QdPkVl9JZGlrfPpTw9p2aJxz442xHCdgwQ1exO/hQ==]}
{"logTime": "0415/174108", "correlationVector":"lHorrLJUIQz9BzOcCjRoLV.2","action":"EncryptionKeysManager::SetEncryptionKeysWithTimestamps:", "result":"Success", "context":Key timestamps[8]:[2021-10-02T14:37:35Z][2022-04-23T13:25:07Z][2022-11-03T19:50:28Z][2023-05-06T07:40:42Z][2023-11-07T12:01:20Z][2024-05-09T19:24:05Z][2024-11-06T13:42:28Z][2025-03-28T12:23:49Z]}
{"logTime": "0415/174108", "correlationVector":"mc5FwOkjY7Q7IDkDKbk67e","action":"Initial GetUpdates", "result":"", "context":Reason: NEW_CLIENT. cV=mc5FwOkjY7Q7IDkDKbk67e}
{"logTime": "0415/174108", "correlationVector":"mc5FwOkjY7Q7IDkDKbk67e.3","action":"GetUpdates Response", "result":"Success", "context":Received 1 update(s). cV=mc5FwOkjY7Q7IDkDKbk67e.0;server=akswtt00600001p;cloudType=Consumer;environment=Prod_germanywestcentral_prod-s01-010-eur-germanywestcentral;migrationStage=NotStarted}
{"logTime": "0415/174108", "correlationVector":"+eE+JCItJoT+04tnwRaIKl","action":"Initial GetUpdates", "result":"", "context":Reason: NEWLY_SUPPORTED_DATATYPE. cV=+eE+JCItJoT+04tnwRaIKl}
{"logTime": "0415/174109", "correlationVector":"+eE+JCItJoT+04tnwRaIKl.1","action":"SyncServerConnectionManagerRequest", "result":"SYNC_SERVER_OK", "context":{"environment":"Prod_germanywestcentral_prod-s01-010-eur-germanywestcentral", "migrationStage":"NotStarted", "server":"akswtt00600002m"}}
{"logTime": "0415/174109", "correlationVector":"+eE+JCItJoT+04tnwRaIKl.2","action":"ProcessGetUpdates", "result":"Done", "context":{"dataType":"Preferences", "deleted":"0", "process_failed_to_decrypt":"0", "process_pending_decryption":"0", "process_success":"73", "total":"73"}}
{"logTime": "0415/174109", "correlationVector":"+eE+JCItJoT+04tnwRaIKl.3","action":"ProcessGetUpdates", "result":"Done", "context":{"dataType":"Passwords", "deleted":"0", "process_failed_to_decrypt":"0", "process_pending_decryption":"0", "process_success":"118", "total":"118"}}
{"logTime": "0415/174109", "correlationVector":"+eE+JCItJoT+04tnwRaIKl.4","action":"ProcessGetUpdates", "result":"Done", "context":{"dataType":"Device Info", "deleted":"0", "process_failed_to_decrypt":"0", "process_pending_decryption":"0", "process_success":"26", "total":"26"}}
{"logTime": "0415/174109", "correlationVector":"+eE+JCItJoT+04tnwRaIKl.5","action":"GetUpdates Response", "result":"Success", "context":Received 217 update(s). cV=+eE+JCItJoT+04tnwRaIKl.0;server=akswtt00600002m;cloudType=Consumer;environment=Prod_germanywestcentral_prod-s01-010-eur-germanywestcentral;migrationStage=NotStarted}
{"logTime": "0415/174109", "correlationVector":"xDCdgL2p0TAVRSz50bpl/X","action":"Initial GetUpdates", "result":"", "context":Reason: NEWLY_SUPPORTED_DATATYPE. cV=xDCdgL2p0TAVRSz50bpl/X}
{"logTime": "0415/174110", "correlationVector":"xDCdgL2p0TAVRSz50bpl/X.1","action":"SyncServerConnectionManagerRequest", "result":"SYNC_SERVER_OK", "context":{"environment":"Prod_germanywestcentral_prod-s01-010-eur-germanywestcentral", "migrationStage":"NotStarted", "server":"akswtt00600000z"}}
{"logTime": "0415/174110", "correlationVector":"xDCdgL2p0TAVRSz50bpl/X.2","action":"ProcessGetUpdates", "result":"Done", "context":{"dataType":"Bookmarks", "deleted":"0", "process_failed_to_decrypt":"0", "process_pending_decryption":"0", "process_success":"117", "total":"117"}}
{"logTime": "0415/174110", "correlationVector":"xDCdgL2p0TAVRSz50bpl/X.3","action":"GetUpdates Response", "result":"Success", "context":Received 117 update(s). cV=xDCdgL2p0TAVRSz50bpl/X.0;server=akswtt00600000z;cloudType=Consumer;environment=Prod_germanywestcentral_prod-s01-010-eur-germanywestcentral;migrationStage=NotStarted}
{"logTime": "0415/174110", "correlationVector":"C6IwVP0ZFHB73yxdiRPlJS","action":"Initial GetUpdates", "result":"", "context":Reason: NEWLY_SUPPORTED_DATATYPE. cV=C6IwVP0ZFHB73yxdiRPlJS}
{"logTime": "0415/174110", "correlationVector":"C6IwVP0ZFHB73yxdiRPlJS.1","action":"SyncServerConnectionManagerRequest", "result":"SYNC_SERVER_OK", "context":{"environment":"Prod_germanywestcentral_prod-s01-010-eur-germanywestcentral", "migrationStage":"NotStarted", "server":"akswtt00600002m"}}
{"logTime": "0415/174110", "correlationVector":"C6IwVP0ZFHB73yxdiRPlJS.2","action":"ProcessGetUpdates", "result":"Done", "context":{"dataType":"Autofill Profiles", "deleted":"0", "process_failed_to_decrypt":"0", "process_pending_decryption":"0", "process_success":"1", "total":"1"}}
{"logTime": "0415/174110", "correlationVector":"C6IwVP0ZFHB73yxdiRPlJS.3","action":"ProcessGetUpdates", "result":"Done", "context":{"dataType":"Autofill", "deleted":"0", "process_failed_to_decrypt":"0", "process_pending_decryption":"0", "process_success":"3", "total":"3"}}
{"logTime": "0415/174110", "correlationVector":"C6IwVP0ZFHB73yxdiRPlJS.4","action":"ProcessGetUpdates", "result":"Done", "context":{"dataType":"Sessions", "deleted":"4", "process_failed_to_decrypt":"0", "process_pending_decryption":"0", "process_success":"28", "total":"28"}}
{"logTime": "0415/174110", "correlationVector":"C6IwVP0ZFHB73yxdiRPlJS.5","action":"GetUpdates Response", "result":"Success", "context":Received 32 update(s). cV=C6IwVP0ZFHB73yxdiRPlJS.0;server=akswtt00600002m;cloudType=Consumer;environment=Prod_germanywestcentral_prod-s01-010-eur-germanywestcentral;migrationStage=NotStarted}
{"logTime": "0415/174110", "correlationVector":"MLDDuhWphGBDAXPD4LRcll","action":"Initial GetUpdates", "result":"", "context":Reason: NEWLY_SUPPORTED_DATATYPE. cV=MLDDuhWphGBDAXPD4LRcll}
{"logTime": "0415/174110", "correlationVector":"MLDDuhWphGBDAXPD4LRcll.1","action":"SyncServerConnectionManagerRequest", "result":"SYNC_SERVER_OK", "context":{"environment":"Prod_germanywestcentral_prod-s01-010-eur-germanywestcentral", "migrationStage":"NotStarted", "server":"akswtt006000041"}}
{"logTime": "0415/174110", "correlationVector":"MLDDuhWphGBDAXPD4LRcll.2","action":"ProcessGetUpdates", "result":"Done", "context":{"dataType":"History", "deleted":"0", "process_failed_to_decrypt":"0", "process_pending_decryption":"0", "process_success":"29", "total":"29"}}
{"logTime": "0415/174110", "correlationVector":"MLDDuhWphGBDAXPD4LRcll.3","action":"GetUpdates Response", "result":"Success", "context":Received 29 update(s). cV=MLDDuhWphGBDAXPD4LRcll.0;server=akswtt006000041;cloudType=Consumer;environment=Prod_germanywestcentral_prod-s01-010-eur-germanywestcentral;migrationStage=NotStarted}
{"logTime": "0415/174110", "correlationVector":"qkoW1XPWfKBtS58G9/u21H","action":"Normal GetUpdate request", "result":"", "context":cV=qkoW1XPWfKBtS58G9/u21H
Nudged types: Sessions, Device Info, User Consents
Refresh requested types: Bookmarks, Preferences, Passwords, Autofill Profiles, Autofill, Extensions, Sessions, Extension settings, History Delete Directives, Device Info, User Consents, Send Tab To Self, Web Apps, History, Saved Tab Group, Collection, Edge E Drop, Edge Hub App Usage, Edge Tab Group, Edge Wallet, Encryption Keys}
{"logTime": "0415/174111", "correlationVector":"qkoW1XPWfKBtS58G9/u21H.1","action":"SyncServerConnectionManagerRequest", "result":"SYNC_SERVER_OK", "context":{"environment":"Prod_germanywestcentral_prod-s01-010-eur-germanywestcentral", "migrationStage":"NotStarted", "server":"akswtt00600002n"}}
{"logTime": "0415/174111", "correlationVector":"qkoW1XPWfKBtS58G9/u21H.2","action":"GetUpdates Response", "result":"Success", "context":Received 0 update(s). cV=qkoW1XPWfKBtS58G9/u21H.0;server=akswtt00600002n;cloudType=Consumer;environment=Prod_germanywestcentral_prod-s01-010-eur-germanywestcentral;migrationStage=NotStarted}
{"logTime": "0415/174111", "correlationVector":"4W54ByA2TjbAxOi72YfyNg","action":"DoCompareDataConsistency requsted types: ", "result":"Bookmarks, Preferences, Passwords, Extensions, Extension settings, History Delete Directives, Send Tab To Self, Web Apps, History, Saved Tab Group, Collection, Edge E Drop, Edge Tab Group, Edge Wallet, Encryption Keys"}
{"logTime": "0415/174111", "correlationVector":"4W54ByA2TjbAxOi72YfyNg.0","action":"CompareDataConsistency result: ", "result":"Compare result: Encryption Keys is consistent. local entities count is: 1 local entities hash is: eSQKSwH/i3cqtSkCbbkKWy1jrQc="}
{"logTime": "0415/174111", "correlationVector":"4W54ByA2TjbAxOi72YfyNg.1","action":"CompareDataConsistency result: ", "result":"Compare result: Bookmarks is consistent. local entities count is: 112 local entities hash is: 64QjPextH4DXU+0W0DeYwcHVtlQ="}
{"logTime": "0415/174111", "correlationVector":"4W54ByA2TjbAxOi72YfyNg.2","action":"CompareDataConsistency result: ", "result":"Compare result: Preferences is consistent. local entities count is: 73 local entities hash is: dN+Qh2Vlry2mmY0ENqQO8Qx2x48="}
{"logTime": "0415/174111", "correlationVector":"4W54ByA2TjbAxOi72YfyNg.3","action":"CompareDataConsistency result: ", "result":"Compare result: Extensions is consistent. local entities count is: 0 local entities hash is: "}
{"logTime": "0415/174111", "correlationVector":"4W54ByA2TjbAxOi72YfyNg.4","action":"CompareDataConsistency result: ", "result":"Compare result: Extension settings is consistent. local entities count is: 0 local entities hash is: "}
{"logTime": "0415/174111", "correlationVector":"4W54ByA2TjbAxOi72YfyNg.5","action":"CompareDataConsistency result: ", "result":"Compare result: History Delete Directives is consistent. local entities count is: 0 local entities hash is: "}
{"logTime": "0415/174111", "correlationVector":"4W54ByA2TjbAxOi72YfyNg.6","action":"CompareDataConsistency result: ", "result":"Server did not send this Send Tab To Self local entities count is: 0 local entities hash is: "}
{"logTime": "0415/174111", "correlationVector":"4W54ByA2TjbAxOi72YfyNg.7","action":"CompareDataConsistency result: ", "result":"Compare result: Web Apps is consistent. local entities count is: 0 local entities hash is: "}
{"logTime": "0415/174111", "correlationVector":"4W54ByA2TjbAxOi72YfyNg.8","action":"CompareDataConsistency result: ", "result":"Server did not send this History local entities count is: 0 local entities hash is: "}
{"logTime": "0415/174111", "correlationVector":"4W54ByA2TjbAxOi72YfyNg.9","action":"CompareDataConsistency result: ", "result":"Compare result: Saved Tab Group is consistent. local entities count is: 0 local entities hash is: "}
{"logTime": "0415/174111", "correlationVector":"4W54ByA2TjbAxOi72YfyNg.10","action":"CompareDataConsistency result: ", "result":"Compare result: Collection is consistent. local entities count is: 0 local entities hash is: "}
{"logTime": "0415/174111", "correlationVector":"4W54ByA2TjbAxOi72YfyNg.11","action":"CompareDataConsistency result: ", "result":"Compare result: Edge E Drop is consistent. local entities count is: 0 local entities hash is: "}
{"logTime": "0415/174111", "correlationVector":"4W54ByA2TjbAxOi72YfyNg.12","action":"CompareDataConsistency result: ", "result":"Compare result: Edge Tab Group is consistent. local entities count is: 0 local entities hash is: "}
{"logTime": "0415/174111", "correlationVector":"4W54ByA2TjbAxOi72YfyNg.13","action":"CompareDataConsistency result: ", "result":"Compare result: Edge Wallet is consistent. local entities count is: 0 local entities hash is: "}
{"logTime": "0415/174111", "correlationVector":"4W54ByA2TjbAxOi72YfyNg.14","action":"CompareDataConsistency result: ", "result":"Compare result: Passwords is consistent. local entities count is: 118 local entities hash is: 3rX3v8s0xRecoEcC+k9y9a5eJSw="}
{"logTime": "0415/174111", "correlationVector":"zlD9UbaTLhSJoi3lkp8rSC","action":"Commit Request", "result":"", "context":Item count: 5
Contributing types: Sessions, Device Info, User Consents}
{"logTime": "0415/174112", "correlationVector":"zlD9UbaTLhSJoi3lkp8rSC.1","action":"SyncServerConnectionManagerRequest", "result":"SYNC_SERVER_OK", "context":{"environment":"Prod_germanywestcentral_prod-s01-010-eur-germanywestcentral", "migrationStage":"NotStarted", "server":"akswtt006000041"}}
{"logTime": "0415/174112", "correlationVector":"zlD9UbaTLhSJoi3lkp8rSC.2","action":"Commit Response", "result":"Success", "context":Result: Success. cV=zlD9UbaTLhSJoi3lkp8rSC.0;server=akswtt006000041;cloudType=Consumer;environment=Prod_germanywestcentral_prod-s01-010-eur-germanywestcentral;migrationStage=NotStarted}
{"logTime": "0415/174112", "correlationVector":"","action":"DIAGNOSTIC_REQUEST|v1/diagnosticData/Diagnostic.SendCheckResult()|SUCCESS", "result":""}
{"logTime": "0415/174117", "correlationVector":"qNu/8nfXrfyQCEMxi+Latz","action":"Commit Request", "result":"", "context":Item count: 3
Contributing types: Preferences, Sessions, History}
{"logTime": "0415/174118", "correlationVector":"qNu/8nfXrfyQCEMxi+Latz.1","action":"SyncServerConnectionManagerRequest", "result":"SYNC_SERVER_OK", "context":{"environment":"Prod_germanywestcentral_prod-s01-010-eur-germanywestcentral", "migrationStage":"NotStarted", "server":"akswtt006000012"}}
{"logTime": "0415/174118", "correlationVector":"qNu/8nfXrfyQCEMxi+Latz.2","action":"Commit Response", "result":"Success", "context":Result: Success. cV=qNu/8nfXrfyQCEMxi+Latz.0;server=akswtt006000012;cloudType=Consumer;environment=Prod_germanywestcentral_prod-s01-010-eur-germanywestcentral;migrationStage=NotStarted}
{"logTime": "0415/174138", "correlationVector":"GI8/1kNFYtaamI9y9V9Q/Y","action":"Commit Request", "result":"", "context":Item count: 2
Contributing types: Preferences, History}
{"logTime": "0415/174138", "correlationVector":"GI8/1kNFYtaamI9y9V9Q/Y.1","action":"SyncServerConnectionManagerRequest", "result":"SYNC_SERVER_OK", "context":{"environment":"Prod_germanywestcentral_prod-s01-010-eur-germanywestcentral", "migrationStage":"NotStarted", "server":"akswtt00600002n"}}
{"logTime": "0415/174138", "correlationVector":"GI8/1kNFYtaamI9y9V9Q/Y.2","action":"Commit Response", "result":"Success", "context":Result: Success. cV=GI8/1kNFYtaamI9y9V9Q/Y.0;server=akswtt00600002n;cloudType=Consumer;environment=Prod_germanywestcentral_prod-s01-010-eur-germanywestcentral;migrationStage=NotStarted}
{"logTime": "0415/174310", "correlationVector":"Qppyw9cDlZx1P80eNRC3Ti","action":"Commit Request", "result":"", "context":Item count: 1
Contributing types: Sessions}
{"logTime": "0415/174310", "correlationVector":"Qppyw9cDlZx1P80eNRC3Ti.1","action":"SyncServerConnectionManagerRequest", "result":"SYNC_SERVER_OK", "context":{"environment":"Prod_germanywestcentral_prod-s01-010-eur-germanywestcentral", "migrationStage":"NotStarted", "server":"akswtt006000012"}}
{"logTime": "0415/174310", "correlationVector":"Qppyw9cDlZx1P80eNRC3Ti.2","action":"Commit Response", "result":"Success", "context":Result: Success. cV=Qppyw9cDlZx1P80eNRC3Ti.0;server=akswtt006000012;cloudType=Consumer;environment=Prod_germanywestcentral_prod-s01-010-eur-germanywestcentral;migrationStage=NotStarted}
{"logTime": "0415/174758", "correlationVector":"Wr32ZU+ShrCPXDFp3P7Rhm.1","action":"SyncServerConnectionManagerRequest", "result":"SYNC_SERVER_OK", "context":{"environment":"Prod_germanywestcentral_prod-s01-011-eur-germanywestcentral", "migrationStage":"NotStarted", "server":"akswtt00600000r"}}
{"logTime": "0415/174758", "correlationVector":"Wr32ZU+ShrCPXDFp3P7Rhm.2","action":"ProcessGetUpdates", "result":"Done", "context":{"dataType":"Encryption Keys", "deleted":"0", "process_failed_to_decrypt":"0", "process_pending_decryption":"0", "process_success":"1", "total":"1"}}
{"logTime": "0415/174759", "correlationVector":"4JnCiLj2NdrOkYUGRWnOSd","action":"SyncServerConnectionManagerRequest", "result":"SYNC_SERVER_OK", "context":{"environment":"", "migrationStage":"", "server":""}}
{"logTime": "0415/174759", "correlationVector":"4JnCiLj2NdrOkYUGRWnOSd.0","action":"EncryptionKeysFetcher.DownloadKeys:", "result":"Success", "context":Key count: 8, Last key timestamp: 2025-03-28T12:23:49Z}
{"logTime": "0415/174759", "correlationVector":"4JnCiLj2NdrOkYUGRWnOSd.1","action":"EncryptionKeysManager::SetEncryptionKeys:", "result":"Success", "context":Key names[8]:[t+DQfZdwzU9mGyHeMxtDgQzCp3fNy80Aql70SqS5mACAL/MO66COz6tsuy9ClbETMa17XPxcVSNp6V5d0jQmEg==][3UVQlkB2dtySjvqYiDpGbQZkWVmBl0QA/OP4lpVurbQYTmK1OpEUcHQmC2659Q/UUjpBsS0awVmtkiwNJpIm7w==][m/3tWHF0Ja+XvmVPPV3j4HXNWArylnWqFGThQm7Kb9fsQ+Ir1zvyIOW9J86ghdU4YKLyihPBY/JpY7xWrYKkCQ==][t4fYH627lLBcveGnVgNxj1qXb+kAoDYMn/cbPFE+7R2RTmK4y8/QVLvxctGwf+XTSsS3u3uFl5IQBvC1muwLBg==][j6GJZET4RxAgk8XXdkzq4BoIoCymrjqH1SBsSdlZvymsGrZqmDd3nPiPirqXaxHAyhXhB+WmPugnFMQAWqzfbw==][sBCknAjL1WabmW6tdQ4XPekxtRhAkd9OIxByafw9TEtbOFH8vftCMYfgZ8MXafzpoQuDoLg1TpJIAkg72uvesA==][sp0AixDf9zQfA9VwVHtRpba0eprR+fNzYPxnjco5utzxt2jZfaDnlgm6ECL43m+O7lrHDHNqSHSyaZsoE1r7nA==][fexrBS2/D5YEsTgksTt4stOU7LENORp5jchMvzp1hfEA0QdPkVl9JZGlrfPpTw9p2aJxz442xHCdgwQ1exO/hQ==]}
{"logTime": "0415/174759", "correlationVector":"4JnCiLj2NdrOkYUGRWnOSd.2","action":"EncryptionKeysManager::SetEncryptionKeysWithTimestamps:", "result":"Success", "context":Key timestamps[8]:[2021-10-02T14:37:35Z][2022-04-23T13:25:07Z][2022-11-03T19:50:28Z][2023-05-06T07:40:42Z][2023-11-07T12:01:20Z][2024-05-09T19:24:05Z][2024-11-06T13:42:28Z][2025-03-28T12:23:49Z]}
{"logTime": "0415/174759", "correlationVector":"Wr32ZU+ShrCPXDFp3P7Rhm","action":"Initial GetUpdates", "result":"", "context":Reason: NEW_CLIENT. cV=Wr32ZU+ShrCPXDFp3P7Rhm}
{"logTime": "0415/174759", "correlationVector":"Wr32ZU+ShrCPXDFp3P7Rhm.3","action":"GetUpdates Response", "result":"Success", "context":Received 1 update(s). cV=Wr32ZU+ShrCPXDFp3P7Rhm.0;server=akswtt00600000r;cloudType=Consumer;environment=Prod_germanywestcentral_prod-s01-011-eur-germanywestcentral;migrationStage=NotStarted}
{"logTime": "0415/174759", "correlationVector":"Wa7IvqJJZc2VOZRWGsB2NI","action":"Initial GetUpdates", "result":"", "context":Reason: NEWLY_SUPPORTED_DATATYPE. cV=Wa7IvqJJZc2VOZRWGsB2NI}
{"logTime": "0415/174759", "correlationVector":"Wa7IvqJJZc2VOZRWGsB2NI.1","action":"SyncServerConnectionManagerRequest", "result":"SYNC_SERVER_OK", "context":{"environment":"Prod_germanywestcentral_prod-s01-011-eur-germanywestcentral", "migrationStage":"NotStarted", "server":"akswtt00600002s"}}
{"logTime": "0415/174759", "correlationVector":"Wa7IvqJJZc2VOZRWGsB2NI.2","action":"ProcessGetUpdates", "result":"Done", "context":{"dataType":"Passwords", "deleted":"0", "process_failed_to_decrypt":"0", "process_pending_decryption":"0", "process_success":"118", "total":"118"}}
{"logTime": "0415/174759", "correlationVector":"Wa7IvqJJZc2VOZRWGsB2NI.3","action":"GetUpdates Response", "result":"Success", "context":Received 118 update(s). cV=Wa7IvqJJZc2VOZRWGsB2NI.0;server=akswtt00600002s;cloudType=Consumer;environment=Prod_germanywestcentral_prod-s01-011-eur-germanywestcentral;migrationStage=NotStarted}
{"logTime": "0415/174759", "correlationVector":"poDBymrqgIFXTnamr03wtX","action":"Normal GetUpdate request", "result":"", "context":cV=poDBymrqgIFXTnamr03wtX
Nudged types: Sessions, History
Refresh requested types: Bookmarks, Preferences, Passwords, Autofill Profiles, Autofill, Extensions, Sessions, Extension settings, History Delete Directives, Device Info, User Consents, Send Tab To Self, Web Apps, History, Saved Tab Group, Collection, Edge E Drop, Edge Hub App Usage, Edge Tab Group, Edge Wallet, Encryption Keys}
{"logTime": "0415/174759", "correlationVector":"poDBymrqgIFXTnamr03wtX.1","action":"SyncServerConnectionManagerRequest", "result":"SYNC_SERVER_OK", "context":{"environment":"Prod_germanywestcentral_prod-s01-011-eur-germanywestcentral", "migrationStage":"NotStarted", "server":"akswtt006000041"}}
{"logTime": "0415/174759", "correlationVector":"poDBymrqgIFXTnamr03wtX.2","action":"ProcessGetUpdates", "result":"Done", "context":{"dataType":"Preferences", "deleted":"0", "process_failed_to_decrypt":"0", "process_pending_decryption":"0", "process_success":"2", "total":"2"}}
{"logTime": "0415/174759", "correlationVector":"poDBymrqgIFXTnamr03wtX.3","action":"ProcessGetUpdates", "result":"Done", "context":{"dataType":"Sessions", "deleted":"0", "process_failed_to_decrypt":"0", "process_pending_decryption":"0", "process_success":"2", "total":"2"}}
{"logTime": "0415/174759", "correlationVector":"poDBymrqgIFXTnamr03wtX.4","action":"ProcessGetUpdates", "result":"Done", "context":{"dataType":"Device Info", "deleted":"0", "process_failed_to_decrypt":"0", "process_pending_decryption":"0", "process_success":"1", "total":"1"}}
{"logTime": "0415/174759", "correlationVector":"poDBymrqgIFXTnamr03wtX.5","action":"ProcessGetUpdates", "result":"Done", "context":{"dataType":"History", "deleted":"0", "process_failed_to_decrypt":"0", "process_pending_decryption":"0", "process_success":"1", "total":"1"}}
{"logTime": "0415/174759", "correlationVector":"poDBymrqgIFXTnamr03wtX.6","action":"GetUpdates Response", "result":"Success", "context":Received 6 update(s). cV=poDBymrqgIFXTnamr03wtX.0;server=akswtt006000041;cloudType=Consumer;environment=Prod_germanywestcentral_prod-s01-011-eur-germanywestcentral;migrationStage=NotStarted}
{"logTime": "0415/174800", "correlationVector":"4lsDhT7Gq26PQKcAI9gSeV","action":"Commit Request", "result":"", "context":Item count: 4
Contributing types: Sessions, History}
{"logTime": "0415/174800", "correlationVector":"4lsDhT7Gq26PQKcAI9gSeV.1","action":"SyncServerConnectionManagerRequest", "result":"SYNC_SERVER_OK", "context":{"environment":"Prod_germanywestcentral_prod-s01-011-eur-germanywestcentral", "migrationStage":"NotStarted", "server":"akswtt00600001q"}}
{"logTime": "0415/174800", "correlationVector":"4lsDhT7Gq26PQKcAI9gSeV.2","action":"Commit Response", "result":"Success", "context":Result: Success. cV=4lsDhT7Gq26PQKcAI9gSeV.0;server=akswtt00600001q;cloudType=Consumer;environment=Prod_germanywestcentral_prod-s01-011-eur-germanywestcentral;migrationStage=NotStarted}
{"logTime": "0415/174800", "correlationVector":"4lsDhT7Gq26PQKcAI9gSeV.3","action":"Commit.Sessions", "result":"Success", "context":{"id":"c9181d29-ff46-423d-b6b9-ece812ef7454", "isDeleted":"true", "size":"0", "version":"1744738989591"}}
{"logTime": "0415/174807", "correlationVector":"8jKZc7cH990Q1oQiEtLgtx","action":"Commit Request", "result":"", "context":Item count: 3
Contributing types: Preferences, Sessions, History}
{"logTime": "0415/174808", "correlationVector":"8jKZc7cH990Q1oQiEtLgtx.1","action":"SyncServerConnectionManagerRequest", "result":"SYNC_SERVER_OK", "context":{"environment":"Prod_germanywestcentral_prod-s01-011-eur-germanywestcentral", "migrationStage":"NotStarted", "server":"akswtt00600001l"}}
{"logTime": "0415/174808", "correlationVector":"8jKZc7cH990Q1oQiEtLgtx.2","action":"Commit Response", "result":"Success", "context":Result: Success. cV=8jKZc7cH990Q1oQiEtLgtx.0;server=akswtt00600001l;cloudType=Consumer;environment=Prod_germanywestcentral_prod-s01-011-eur-germanywestcentral;migrationStage=NotStarted}
