{"logTime": "0416/081917", "correlationVector":"iLEiXLekttpICbcduryWdR.1","action":"SyncServerConnectionManagerRequest", "result":"SYNC_SERVER_OK", "context":{"environment":"Prod_germanywestcentral_prod-s01-011-eur-germanywestcentral", "migrationStage":"NotStarted", "server":"akswtt00600001m"}}
{"logTime": "0416/081917", "correlationVector":"iLEiXLekttpICbcduryWdR.2","action":"ProcessGetUpdates", "result":"Done", "context":{"dataType":"Encryption Keys", "deleted":"0", "process_failed_to_decrypt":"0", "process_pending_decryption":"0", "process_success":"1", "total":"1"}}
{"logTime": "0416/081918", "correlationVector":"nb74mjUYw8ZskX0r+aEhsF","action":"SyncServerConnectionManagerRequest", "result":"SYNC_SERVER_OK", "context":{"environment":"", "migrationStage":"", "server":""}}
{"logTime": "0416/081918", "correlationVector":"nb74mjUYw8ZskX0r+aEhsF.0","action":"EncryptionKeysFetcher.DownloadKeys:", "result":"Success", "context":Key count: 8, Last key timestamp: 2025-03-28T12:23:49Z}
{"logTime": "0416/081918", "correlationVector":"nb74mjUYw8ZskX0r+aEhsF.1","action":"EncryptionKeysManager::SetEncryptionKeys:", "result":"Success", "context":Key names[8]:[t+DQfZdwzU9mGyHeMxtDgQzCp3fNy80Aql70SqS5mACAL/MO66COz6tsuy9ClbETMa17XPxcVSNp6V5d0jQmEg==][3UVQlkB2dtySjvqYiDpGbQZkWVmBl0QA/OP4lpVurbQYTmK1OpEUcHQmC2659Q/UUjpBsS0awVmtkiwNJpIm7w==][m/3tWHF0Ja+XvmVPPV3j4HXNWArylnWqFGThQm7Kb9fsQ+Ir1zvyIOW9J86ghdU4YKLyihPBY/JpY7xWrYKkCQ==][t4fYH627lLBcveGnVgNxj1qXb+kAoDYMn/cbPFE+7R2RTmK4y8/QVLvxctGwf+XTSsS3u3uFl5IQBvC1muwLBg==][j6GJZET4RxAgk8XXdkzq4BoIoCymrjqH1SBsSdlZvymsGrZqmDd3nPiPirqXaxHAyhXhB+WmPugnFMQAWqzfbw==][sBCknAjL1WabmW6tdQ4XPekxtRhAkd9OIxByafw9TEtbOFH8vftCMYfgZ8MXafzpoQuDoLg1TpJIAkg72uvesA==][sp0AixDf9zQfA9VwVHtRpba0eprR+fNzYPxnjco5utzxt2jZfaDnlgm6ECL43m+O7lrHDHNqSHSyaZsoE1r7nA==][fexrBS2/D5YEsTgksTt4stOU7LENORp5jchMvzp1hfEA0QdPkVl9JZGlrfPpTw9p2aJxz442xHCdgwQ1exO/hQ==]}
{"logTime": "0416/081918", "correlationVector":"nb74mjUYw8ZskX0r+aEhsF.2","action":"EncryptionKeysManager::SetEncryptionKeysWithTimestamps:", "result":"Success", "context":Key timestamps[8]:[2021-10-02T14:37:35Z][2022-04-23T13:25:07Z][2022-11-03T19:50:28Z][2023-05-06T07:40:42Z][2023-11-07T12:01:20Z][2024-05-09T19:24:05Z][2024-11-06T13:42:28Z][2025-03-28T12:23:49Z]}
{"logTime": "0416/081918", "correlationVector":"iLEiXLekttpICbcduryWdR","action":"Initial GetUpdates", "result":"", "context":Reason: NEW_CLIENT. cV=iLEiXLekttpICbcduryWdR}
{"logTime": "0416/081918", "correlationVector":"iLEiXLekttpICbcduryWdR.3","action":"GetUpdates Response", "result":"Success", "context":Received 1 update(s). cV=iLEiXLekttpICbcduryWdR.0;server=akswtt00600001m;cloudType=Consumer;environment=Prod_germanywestcentral_prod-s01-011-eur-germanywestcentral;migrationStage=NotStarted}
{"logTime": "0416/081918", "correlationVector":"eJrnGtjf7PF3lIDX7wGcQz","action":"Initial GetUpdates", "result":"", "context":Reason: NEWLY_SUPPORTED_DATATYPE. cV=eJrnGtjf7PF3lIDX7wGcQz}
{"logTime": "0416/081919", "correlationVector":"eJrnGtjf7PF3lIDX7wGcQz.1","action":"SyncServerConnectionManagerRequest", "result":"SYNC_SERVER_OK", "context":{"environment":"Prod_germanywestcentral_prod-s01-011-eur-germanywestcentral", "migrationStage":"NotStarted", "server":"akswtt00600002b"}}
{"logTime": "0416/081919", "correlationVector":"eJrnGtjf7PF3lIDX7wGcQz.2","action":"ProcessGetUpdates", "result":"Done", "context":{"dataType":"Preferences", "deleted":"0", "process_failed_to_decrypt":"0", "process_pending_decryption":"0", "process_success":"73", "total":"73"}}
{"logTime": "0416/081919", "correlationVector":"eJrnGtjf7PF3lIDX7wGcQz.3","action":"ProcessGetUpdates", "result":"Done", "context":{"dataType":"Passwords", "deleted":"0", "process_failed_to_decrypt":"0", "process_pending_decryption":"0", "process_success":"118", "total":"118"}}
{"logTime": "0416/081919", "correlationVector":"eJrnGtjf7PF3lIDX7wGcQz.4","action":"ProcessGetUpdates", "result":"Done", "context":{"dataType":"Device Info", "deleted":"0", "process_failed_to_decrypt":"0", "process_pending_decryption":"0", "process_success":"29", "total":"29"}}
{"logTime": "0416/081919", "correlationVector":"eJrnGtjf7PF3lIDX7wGcQz.5","action":"GetUpdates Response", "result":"Success", "context":Received 220 update(s). cV=eJrnGtjf7PF3lIDX7wGcQz.0;server=akswtt00600002b;cloudType=Consumer;environment=Prod_germanywestcentral_prod-s01-011-eur-germanywestcentral;migrationStage=NotStarted}
{"logTime": "0416/081919", "correlationVector":"WJZ0Gxg/JY24eU1xiDNnId","action":"Initial GetUpdates", "result":"", "context":Reason: NEWLY_SUPPORTED_DATATYPE. cV=WJZ0Gxg/JY24eU1xiDNnId}
{"logTime": "0416/081919", "correlationVector":"WJZ0Gxg/JY24eU1xiDNnId.1","action":"SyncServerConnectionManagerRequest", "result":"SYNC_SERVER_OK", "context":{"environment":"Prod_germanywestcentral_prod-s01-010-eur-germanywestcentral", "migrationStage":"NotStarted", "server":"akswtt00600003s"}}
{"logTime": "0416/081919", "correlationVector":"WJZ0Gxg/JY24eU1xiDNnId.2","action":"ProcessGetUpdates", "result":"Done", "context":{"dataType":"Bookmarks", "deleted":"0", "process_failed_to_decrypt":"0", "process_pending_decryption":"0", "process_success":"117", "total":"117"}}
{"logTime": "0416/081919", "correlationVector":"WJZ0Gxg/JY24eU1xiDNnId.3","action":"GetUpdates Response", "result":"Success", "context":Received 117 update(s). cV=WJZ0Gxg/JY24eU1xiDNnId.0;server=akswtt00600003s;cloudType=Consumer;environment=Prod_germanywestcentral_prod-s01-010-eur-germanywestcentral;migrationStage=NotStarted}
{"logTime": "0416/081919", "correlationVector":"Sl61HXFbG3kS/3wftLGS2S","action":"Initial GetUpdates", "result":"", "context":Reason: NEWLY_SUPPORTED_DATATYPE. cV=Sl61HXFbG3kS/3wftLGS2S}
{"logTime": "0416/081920", "correlationVector":"Sl61HXFbG3kS/3wftLGS2S.1","action":"SyncServerConnectionManagerRequest", "result":"SYNC_SERVER_OK", "context":{"environment":"Prod_germanywestcentral_prod-s01-010-eur-germanywestcentral", "migrationStage":"NotStarted", "server":"akswtt00600002e"}}
{"logTime": "0416/081920", "correlationVector":"Sl61HXFbG3kS/3wftLGS2S.2","action":"ProcessGetUpdates", "result":"Done", "context":{"dataType":"Autofill Profiles", "deleted":"0", "process_failed_to_decrypt":"0", "process_pending_decryption":"0", "process_success":"1", "total":"1"}}
{"logTime": "0416/081920", "correlationVector":"Sl61HXFbG3kS/3wftLGS2S.3","action":"ProcessGetUpdates", "result":"Done", "context":{"dataType":"Autofill", "deleted":"0", "process_failed_to_decrypt":"0", "process_pending_decryption":"0", "process_success":"3", "total":"3"}}
{"logTime": "0416/081920", "correlationVector":"Sl61HXFbG3kS/3wftLGS2S.4","action":"ProcessGetUpdates", "result":"Done", "context":{"dataType":"Sessions", "deleted":"6", "process_failed_to_decrypt":"0", "process_pending_decryption":"0", "process_success":"26", "total":"26"}}
{"logTime": "0416/081920", "correlationVector":"Sl61HXFbG3kS/3wftLGS2S.5","action":"GetUpdates Response", "result":"Success", "context":Received 30 update(s). cV=Sl61HXFbG3kS/3wftLGS2S.0;server=akswtt00600002e;cloudType=Consumer;environment=Prod_germanywestcentral_prod-s01-010-eur-germanywestcentral;migrationStage=NotStarted}
{"logTime": "0416/081920", "correlationVector":"Bt/iELhFWapJpiVuYT9B3Q","action":"Initial GetUpdates", "result":"", "context":Reason: NEWLY_SUPPORTED_DATATYPE. cV=Bt/iELhFWapJpiVuYT9B3Q}
{"logTime": "0416/081920", "correlationVector":"Bt/iELhFWapJpiVuYT9B3Q.1","action":"SyncServerConnectionManagerRequest", "result":"SYNC_SERVER_OK", "context":{"environment":"Prod_germanywestcentral_prod-s01-011-eur-germanywestcentral", "migrationStage":"NotStarted", "server":"akswtt006000016"}}
{"logTime": "0416/081920", "correlationVector":"Bt/iELhFWapJpiVuYT9B3Q.2","action":"ProcessGetUpdates", "result":"Done", "context":{"dataType":"History", "deleted":"0", "process_failed_to_decrypt":"0", "process_pending_decryption":"0", "process_success":"35", "total":"35"}}
{"logTime": "0416/081920", "correlationVector":"Bt/iELhFWapJpiVuYT9B3Q.3","action":"GetUpdates Response", "result":"Success", "context":Received 35 update(s). cV=Bt/iELhFWapJpiVuYT9B3Q.0;server=akswtt006000016;cloudType=Consumer;environment=Prod_germanywestcentral_prod-s01-011-eur-germanywestcentral;migrationStage=NotStarted}
{"logTime": "0416/081920", "correlationVector":"uq2JH1mqicaAkZqLchQSdU","action":"Normal GetUpdate request", "result":"", "context":cV=uq2JH1mqicaAkZqLchQSdU
Nudged types: Sessions, Device Info, User Consents
Refresh requested types: Bookmarks, Preferences, Passwords, Autofill Profiles, Autofill, Extensions, Sessions, Extension settings, History Delete Directives, Device Info, User Consents, Send Tab To Self, Web Apps, History, Saved Tab Group, Collection, Edge E Drop, Edge Hub App Usage, Edge Tab Group, Edge Wallet, Encryption Keys}
{"logTime": "0416/081921", "correlationVector":"uq2JH1mqicaAkZqLchQSdU.1","action":"SyncServerConnectionManagerRequest", "result":"SYNC_SERVER_OK", "context":{"environment":"Prod_germanywestcentral_prod-s01-011-eur-germanywestcentral", "migrationStage":"NotStarted", "server":"akswtt006000021"}}
{"logTime": "0416/081921", "correlationVector":"uq2JH1mqicaAkZqLchQSdU.2","action":"GetUpdates Response", "result":"Success", "context":Received 0 update(s). cV=uq2JH1mqicaAkZqLchQSdU.0;server=akswtt006000021;cloudType=Consumer;environment=Prod_germanywestcentral_prod-s01-011-eur-germanywestcentral;migrationStage=NotStarted}
{"logTime": "0416/081921", "correlationVector":"0J+BhKxxxCC0fJ1foRIzPG","action":"DoCompareDataConsistency requsted types: ", "result":"Bookmarks, Preferences, Passwords, Extensions, Extension settings, History Delete Directives, Send Tab To Self, Web Apps, History, Saved Tab Group, Collection, Edge E Drop, Edge Tab Group, Edge Wallet, Encryption Keys"}
{"logTime": "0416/081921", "correlationVector":"0J+BhKxxxCC0fJ1foRIzPG.0","action":"CompareDataConsistency result: ", "result":"Compare result: Encryption Keys is consistent. local entities count is: 1 local entities hash is: eSQKSwH/i3cqtSkCbbkKWy1jrQc="}
{"logTime": "0416/081921", "correlationVector":"0J+BhKxxxCC0fJ1foRIzPG.1","action":"CompareDataConsistency result: ", "result":"Compare result: Bookmarks is consistent. local entities count is: 112 local entities hash is: 64QjPextH4DXU+0W0DeYwcHVtlQ="}
{"logTime": "0416/081921", "correlationVector":"0J+BhKxxxCC0fJ1foRIzPG.2","action":"CompareDataConsistency result: ", "result":"Compare result: Preferences is consistent. local entities count is: 73 local entities hash is: 012yuFWf+sIeWUz77iKkmmtGZ0c="}
{"logTime": "0416/081921", "correlationVector":"0J+BhKxxxCC0fJ1foRIzPG.3","action":"CompareDataConsistency result: ", "result":"Compare result: Extensions is consistent. local entities count is: 0 local entities hash is: "}
{"logTime": "0416/081921", "correlationVector":"0J+BhKxxxCC0fJ1foRIzPG.4","action":"CompareDataConsistency result: ", "result":"Compare result: Extension settings is consistent. local entities count is: 0 local entities hash is: "}
{"logTime": "0416/081921", "correlationVector":"0J+BhKxxxCC0fJ1foRIzPG.5","action":"CompareDataConsistency result: ", "result":"Compare result: History Delete Directives is consistent. local entities count is: 0 local entities hash is: "}
{"logTime": "0416/081921", "correlationVector":"0J+BhKxxxCC0fJ1foRIzPG.6","action":"CompareDataConsistency result: ", "result":"Server did not send this Send Tab To Self local entities count is: 0 local entities hash is: "}
{"logTime": "0416/081921", "correlationVector":"0J+BhKxxxCC0fJ1foRIzPG.7","action":"CompareDataConsistency result: ", "result":"Compare result: Web Apps is consistent. local entities count is: 0 local entities hash is: "}
{"logTime": "0416/081921", "correlationVector":"0J+BhKxxxCC0fJ1foRIzPG.8","action":"CompareDataConsistency result: ", "result":"Server did not send this History local entities count is: 0 local entities hash is: "}
{"logTime": "0416/081921", "correlationVector":"0J+BhKxxxCC0fJ1foRIzPG.9","action":"CompareDataConsistency result: ", "result":"Compare result: Saved Tab Group is consistent. local entities count is: 0 local entities hash is: "}
{"logTime": "0416/081921", "correlationVector":"0J+BhKxxxCC0fJ1foRIzPG.10","action":"CompareDataConsistency result: ", "result":"Compare result: Collection is consistent. local entities count is: 0 local entities hash is: "}
{"logTime": "0416/081921", "correlationVector":"0J+BhKxxxCC0fJ1foRIzPG.11","action":"CompareDataConsistency result: ", "result":"Compare result: Edge E Drop is consistent. local entities count is: 0 local entities hash is: "}
{"logTime": "0416/081921", "correlationVector":"0J+BhKxxxCC0fJ1foRIzPG.12","action":"CompareDataConsistency result: ", "result":"Compare result: Edge Tab Group is consistent. local entities count is: 0 local entities hash is: "}
{"logTime": "0416/081921", "correlationVector":"0J+BhKxxxCC0fJ1foRIzPG.13","action":"CompareDataConsistency result: ", "result":"Compare result: Edge Wallet is consistent. local entities count is: 0 local entities hash is: "}
{"logTime": "0416/081921", "correlationVector":"0J+BhKxxxCC0fJ1foRIzPG.14","action":"CompareDataConsistency result: ", "result":"Compare result: Passwords is consistent. local entities count is: 118 local entities hash is: 3rX3v8s0xRecoEcC+k9y9a5eJSw="}
{"logTime": "0416/081921", "correlationVector":"Bt6xvN0sj8aaBCDfRURsGu","action":"Commit Request", "result":"", "context":Item count: 5
Contributing types: Sessions, Device Info, User Consents}
{"logTime": "0416/081921", "correlationVector":"Bt6xvN0sj8aaBCDfRURsGu.1","action":"SyncServerConnectionManagerRequest", "result":"SYNC_SERVER_OK", "context":{"environment":"Prod_germanywestcentral_prod-s01-011-eur-germanywestcentral", "migrationStage":"NotStarted", "server":"akswtt006000015"}}
{"logTime": "0416/081921", "correlationVector":"Bt6xvN0sj8aaBCDfRURsGu.2","action":"Commit Response", "result":"Success", "context":Result: Success. cV=Bt6xvN0sj8aaBCDfRURsGu.0;server=akswtt006000015;cloudType=Consumer;environment=Prod_germanywestcentral_prod-s01-011-eur-germanywestcentral;migrationStage=NotStarted}
{"logTime": "0416/081921", "correlationVector":"","action":"DIAGNOSTIC_REQUEST|v1/diagnosticData/Diagnostic.SendCheckResult()|SUCCESS", "result":""}
{"logTime": "0416/081926", "correlationVector":"QoBufl6tmQCHwl8JtYxRH0","action":"Commit Request", "result":"", "context":Item count: 2
Contributing types: Preferences, Sessions}
{"logTime": "0416/081926", "correlationVector":"QoBufl6tmQCHwl8JtYxRH0.1","action":"SyncServerConnectionManagerRequest", "result":"SYNC_SERVER_OK", "context":{"environment":"Prod_germanywestcentral_prod-s01-011-eur-germanywestcentral", "migrationStage":"NotStarted", "server":"akswtt00600001r"}}
{"logTime": "0416/081926", "correlationVector":"QoBufl6tmQCHwl8JtYxRH0.2","action":"Commit Response", "result":"Success", "context":Result: Success. cV=QoBufl6tmQCHwl8JtYxRH0.0;server=akswtt00600001r;cloudType=Consumer;environment=Prod_germanywestcentral_prod-s01-011-eur-germanywestcentral;migrationStage=NotStarted}
{"logTime": "0416/082304", "correlationVector":"0C1uqcEyzwvDwJiHH27YMI.1","action":"SyncServerConnectionManagerRequest", "result":"SYNC_SERVER_OK", "context":{"environment":"Prod_germanywestcentral_prod-s01-011-eur-germanywestcentral", "migrationStage":"NotStarted", "server":"akswtt00600000n"}}
{"logTime": "0416/082304", "correlationVector":"0C1uqcEyzwvDwJiHH27YMI.2","action":"ProcessGetUpdates", "result":"Done", "context":{"dataType":"Encryption Keys", "deleted":"0", "process_failed_to_decrypt":"0", "process_pending_decryption":"0", "process_success":"1", "total":"1"}}
{"logTime": "0416/082304", "correlationVector":"91i9mw1DWt1WMutdeOQEAv","action":"SyncServerConnectionManagerRequest", "result":"SYNC_SERVER_OK", "context":{"environment":"", "migrationStage":"", "server":""}}
{"logTime": "0416/082304", "correlationVector":"91i9mw1DWt1WMutdeOQEAv.0","action":"EncryptionKeysFetcher.DownloadKeys:", "result":"Success", "context":Key count: 8, Last key timestamp: 2025-03-28T12:23:49Z}
{"logTime": "0416/082304", "correlationVector":"91i9mw1DWt1WMutdeOQEAv.1","action":"EncryptionKeysManager::SetEncryptionKeys:", "result":"Success", "context":Key names[8]:[t+DQfZdwzU9mGyHeMxtDgQzCp3fNy80Aql70SqS5mACAL/MO66COz6tsuy9ClbETMa17XPxcVSNp6V5d0jQmEg==][3UVQlkB2dtySjvqYiDpGbQZkWVmBl0QA/OP4lpVurbQYTmK1OpEUcHQmC2659Q/UUjpBsS0awVmtkiwNJpIm7w==][m/3tWHF0Ja+XvmVPPV3j4HXNWArylnWqFGThQm7Kb9fsQ+Ir1zvyIOW9J86ghdU4YKLyihPBY/JpY7xWrYKkCQ==][t4fYH627lLBcveGnVgNxj1qXb+kAoDYMn/cbPFE+7R2RTmK4y8/QVLvxctGwf+XTSsS3u3uFl5IQBvC1muwLBg==][j6GJZET4RxAgk8XXdkzq4BoIoCymrjqH1SBsSdlZvymsGrZqmDd3nPiPirqXaxHAyhXhB+WmPugnFMQAWqzfbw==][sBCknAjL1WabmW6tdQ4XPekxtRhAkd9OIxByafw9TEtbOFH8vftCMYfgZ8MXafzpoQuDoLg1TpJIAkg72uvesA==][sp0AixDf9zQfA9VwVHtRpba0eprR+fNzYPxnjco5utzxt2jZfaDnlgm6ECL43m+O7lrHDHNqSHSyaZsoE1r7nA==][fexrBS2/D5YEsTgksTt4stOU7LENORp5jchMvzp1hfEA0QdPkVl9JZGlrfPpTw9p2aJxz442xHCdgwQ1exO/hQ==]}
{"logTime": "0416/082304", "correlationVector":"91i9mw1DWt1WMutdeOQEAv.2","action":"EncryptionKeysManager::SetEncryptionKeysWithTimestamps:", "result":"Success", "context":Key timestamps[8]:[2021-10-02T14:37:35Z][2022-04-23T13:25:07Z][2022-11-03T19:50:28Z][2023-05-06T07:40:42Z][2023-11-07T12:01:20Z][2024-05-09T19:24:05Z][2024-11-06T13:42:28Z][2025-03-28T12:23:49Z]}
{"logTime": "0416/082304", "correlationVector":"0C1uqcEyzwvDwJiHH27YMI","action":"Initial GetUpdates", "result":"", "context":Reason: NEW_CLIENT. cV=0C1uqcEyzwvDwJiHH27YMI}
{"logTime": "0416/082304", "correlationVector":"0C1uqcEyzwvDwJiHH27YMI.3","action":"GetUpdates Response", "result":"Success", "context":Received 1 update(s). cV=0C1uqcEyzwvDwJiHH27YMI.0;server=akswtt00600000n;cloudType=Consumer;environment=Prod_germanywestcentral_prod-s01-011-eur-germanywestcentral;migrationStage=NotStarted}
{"logTime": "0416/082304", "correlationVector":"DGVDbYqHeFNcscy+K80yHo","action":"Initial GetUpdates", "result":"", "context":Reason: NEWLY_SUPPORTED_DATATYPE. cV=DGVDbYqHeFNcscy+K80yHo}
{"logTime": "0416/082305", "correlationVector":"DGVDbYqHeFNcscy+K80yHo.1","action":"SyncServerConnectionManagerRequest", "result":"SYNC_SERVER_OK", "context":{"environment":"Prod_germanywestcentral_prod-s01-011-eur-germanywestcentral", "migrationStage":"NotStarted", "server":"akswtt006000021"}}
{"logTime": "0416/082305", "correlationVector":"DGVDbYqHeFNcscy+K80yHo.2","action":"ProcessGetUpdates", "result":"Done", "context":{"dataType":"Passwords", "deleted":"0", "process_failed_to_decrypt":"0", "process_pending_decryption":"0", "process_success":"118", "total":"118"}}
{"logTime": "0416/082305", "correlationVector":"DGVDbYqHeFNcscy+K80yHo.3","action":"GetUpdates Response", "result":"Success", "context":Received 118 update(s). cV=DGVDbYqHeFNcscy+K80yHo.0;server=akswtt006000021;cloudType=Consumer;environment=Prod_germanywestcentral_prod-s01-011-eur-germanywestcentral;migrationStage=NotStarted}
{"logTime": "0416/082305", "correlationVector":"BI+64Z1yvphlapXzB0lQO1","action":"Normal GetUpdate request", "result":"", "context":cV=BI+64Z1yvphlapXzB0lQO1
Nudged types: Sessions, History
Refresh requested types: Bookmarks, Preferences, Passwords, Autofill Profiles, Autofill, Extensions, Sessions, Extension settings, History Delete Directives, Device Info, User Consents, Send Tab To Self, Web Apps, History, Saved Tab Group, Collection, Edge E Drop, Edge Hub App Usage, Edge Tab Group, Edge Wallet, Encryption Keys}
{"logTime": "0416/082305", "correlationVector":"BI+64Z1yvphlapXzB0lQO1.1","action":"SyncServerConnectionManagerRequest", "result":"SYNC_SERVER_OK", "context":{"environment":"Prod_germanywestcentral_prod-s01-010-eur-germanywestcentral", "migrationStage":"NotStarted", "server":"akswtt00600000k"}}
{"logTime": "0416/082305", "correlationVector":"BI+64Z1yvphlapXzB0lQO1.2","action":"ProcessGetUpdates", "result":"Done", "context":{"dataType":"Preferences", "deleted":"0", "process_failed_to_decrypt":"0", "process_pending_decryption":"0", "process_success":"1", "total":"1"}}
{"logTime": "0416/082305", "correlationVector":"BI+64Z1yvphlapXzB0lQO1.3","action":"ProcessGetUpdates", "result":"Done", "context":{"dataType":"Sessions", "deleted":"0", "process_failed_to_decrypt":"0", "process_pending_decryption":"0", "process_success":"2", "total":"2"}}
{"logTime": "0416/082305", "correlationVector":"BI+64Z1yvphlapXzB0lQO1.4","action":"ProcessGetUpdates", "result":"Done", "context":{"dataType":"Device Info", "deleted":"0", "process_failed_to_decrypt":"0", "process_pending_decryption":"0", "process_success":"1", "total":"1"}}
{"logTime": "0416/082305", "correlationVector":"BI+64Z1yvphlapXzB0lQO1.5","action":"GetUpdates Response", "result":"Success", "context":Received 4 update(s). cV=BI+64Z1yvphlapXzB0lQO1.0;server=akswtt00600000k;cloudType=Consumer;environment=Prod_germanywestcentral_prod-s01-010-eur-germanywestcentral;migrationStage=NotStarted}
{"logTime": "0416/082305", "correlationVector":"glSoSqACOCE4/VW/9iF4MM","action":"Commit Request", "result":"", "context":Item count: 5
Contributing types: Sessions, History}
{"logTime": "0416/082306", "correlationVector":"glSoSqACOCE4/VW/9iF4MM.1","action":"SyncServerConnectionManagerRequest", "result":"SYNC_SERVER_OK", "context":{"environment":"Prod_germanywestcentral_prod-s01-010-eur-germanywestcentral", "migrationStage":"NotStarted", "server":"akswtt00600000z"}}
{"logTime": "0416/082306", "correlationVector":"glSoSqACOCE4/VW/9iF4MM.2","action":"Commit Response", "result":"Success", "context":Result: Success. cV=glSoSqACOCE4/VW/9iF4MM.0;server=akswtt00600000z;cloudType=Consumer;environment=Prod_germanywestcentral_prod-s01-010-eur-germanywestcentral;migrationStage=NotStarted}
{"logTime": "0416/082312", "correlationVector":"DI0ZYCe5dSvfLJWA0bF5zS","action":"Commit Request", "result":"", "context":Item count: 3
Contributing types: Preferences, Sessions}
{"logTime": "0416/082313", "correlationVector":"DI0ZYCe5dSvfLJWA0bF5zS.1","action":"SyncServerConnectionManagerRequest", "result":"SYNC_SERVER_OK", "context":{"environment":"Prod_germanywestcentral_prod-s01-010-eur-germanywestcentral", "migrationStage":"NotStarted", "server":"akswtt006000024"}}
{"logTime": "0416/082313", "correlationVector":"DI0ZYCe5dSvfLJWA0bF5zS.3","action":"Commit.Sessions", "result":"Success", "context":{"id":"7385d6a7-9232-459b-adda-f07c84e0c15c", "isDeleted":"true", "size":"0", "version":"1744791785903"}}
{"logTime": "0416/082313", "correlationVector":"DI0ZYCe5dSvfLJWA0bF5zS.2","action":"Commit Response", "result":"Success", "context":Result: Success. cV=DI0ZYCe5dSvfLJWA0bF5zS.0;server=akswtt006000024;cloudType=Consumer;environment=Prod_germanywestcentral_prod-s01-010-eur-germanywestcentral;migrationStage=NotStarted}
