2025-04-16 08:19:15.886: [INFO][Sync] Reset engine, reason: 8
2025-04-16 08:19:15.886: [INFO][Sync] Stopped: Bookmarks
2025-04-16 08:19:15.886: [INFO][Sync] Stopped: Preferences
2025-04-16 08:19:15.886: [INFO][Sync] Stopped: Passwords
2025-04-16 08:19:15.886: [INFO][Sync] Stopped: Autofill Profiles
2025-04-16 08:19:15.886: [INFO][Sync] Stopped: Autofill
2025-04-16 08:19:15.886: [INFO][Sync] Stopped: Extensions
2025-04-16 08:19:15.886: [INFO][Sync] Stopped: Sessions
2025-04-16 08:19:15.886: [INFO][Sync] Stopped: Extension settings
2025-04-16 08:19:15.886: [INFO][Sync] Stopped: History Delete Directives
2025-04-16 08:19:15.886: [INFO][Sync] Stopped: Device Info
2025-04-16 08:19:15.886: [INFO][Sync] Stopped: User Consents
2025-04-16 08:19:15.886: [INFO][Sync] Stopped: Send Tab To Self
2025-04-16 08:19:15.886: [INFO][Sync] Stopped: Web Apps
2025-04-16 08:19:15.886: [INFO][Sync] Stopped: History
2025-04-16 08:19:15.886: [INFO][Sync] Stopped: Saved Tab Group
2025-04-16 08:19:15.886: [INFO][Sync] Stopped: Collection
2025-04-16 08:19:15.886: [INFO][Sync] Stopped: Edge E Drop
2025-04-16 08:19:15.886: [INFO][Sync] Stopped: Edge Hub App Usage
2025-04-16 08:19:15.886: [INFO][Sync] Stopped: Edge Tab Group
2025-04-16 08:19:15.886: [INFO][Sync] Stopped: Edge Wallet
2025-04-16 08:19:15.887: [INFO][Sync] SyncState after authenticated was: NotSignedIn
2025-04-16 08:19:16.052: [INFO][Sync] Reset engine, reason: 8
2025-04-16 08:19:16.052: [INFO][Sync] Stopped: Bookmarks
2025-04-16 08:19:16.052: [INFO][Sync] Stopped: Preferences
2025-04-16 08:19:16.052: [INFO][Sync] Stopped: Passwords
2025-04-16 08:19:16.052: [INFO][Sync] Stopped: Autofill Profiles
2025-04-16 08:19:16.052: [INFO][Sync] Stopped: Autofill
2025-04-16 08:19:16.052: [INFO][Sync] Stopped: Extensions
2025-04-16 08:19:16.052: [INFO][Sync] Stopped: Sessions
2025-04-16 08:19:16.052: [INFO][Sync] Stopped: Extension settings
2025-04-16 08:19:16.052: [INFO][Sync] Stopped: History Delete Directives
2025-04-16 08:19:16.053: [INFO][Sync] Stopped: Device Info
2025-04-16 08:19:16.053: [INFO][Sync] Stopped: User Consents
2025-04-16 08:19:16.053: [INFO][Sync] Stopped: Send Tab To Self
2025-04-16 08:19:16.053: [INFO][Sync] Stopped: Web Apps
2025-04-16 08:19:16.053: [INFO][Sync] Stopped: History
2025-04-16 08:19:16.053: [INFO][Sync] Stopped: Saved Tab Group
2025-04-16 08:19:16.053: [INFO][Sync] Stopped: Collection
2025-04-16 08:19:16.053: [INFO][Sync] Stopped: Edge E Drop
2025-04-16 08:19:16.053: [INFO][Sync] Stopped: Edge Hub App Usage
2025-04-16 08:19:16.053: [INFO][Sync] Stopped: Edge Tab Group
2025-04-16 08:19:16.053: [INFO][Sync] Stopped: Edge Wallet
2025-04-16 08:19:16.368: [INFO][Sync] Try to start sync engine
2025-04-16 08:19:16.374: [INFO][SyncManagerImpl::NudgeForInitialDownload] Initial download nudge for Encryption Keys
2025-04-16 08:19:16.374: [INFO][SyncEngineBackend::LoadAndConnectNigoriController] Load and connect Nigori controller
2025-04-16 08:19:16.374: [INFO][SyncEngineBackend::DoInitialize] Control Types added: Encryption Keys
2025-04-16 08:19:16.374: [INFO][SyncManagerImpl::ConfigureSyncer] Types to download: Encryption Keys with reason: 3
2025-04-16 08:19:16.375: [INFO][SyncSchedulerImpl::DoConfigurationSyncCycleJob] Configure job was blocked
2025-04-16 08:19:16.473: [INFO][SyncAuthManager::SetLastAuthError] Current auth error: None
2025-04-16 08:19:16.473: [INFO][SyncAuthManager::EdgeLogTokenErrorState] Token error with: None for account type: MSA
2025-04-16 08:19:16.473: [INFO][Sync] Credentials changed for: EdgeSyncScopeNew
2025-04-16 08:19:17.124: [INFO][SyncAuthManager::SetLastAuthError] Current auth error: None
2025-04-16 08:19:17.124: [INFO][SyncAuthManager::EdgeLogTokenErrorState] Token error with: None for account type: MSA
2025-04-16 08:19:17.124: [INFO][Sync] Credentials changed for: EdgeSyncKeyDataScope
2025-04-16 08:19:17.125: [INFO][SyncEngineBackend::DoUpdateKeyDataCredentials] Update key data credentials
2025-04-16 08:19:17.125: [INFO][SyncEngineBackend::DoUpdateCredentials] Update credentials
2025-04-16 08:19:17.125: [INFO][SyncSchedulerImpl::DoConfigurationSyncCycleJob] Blocked types:  and types to download: Encryption Keys
2025-04-16 08:19:17.948: [INFO][Sync] Started DataTypeManager configuration, reason: 4
2025-04-16 08:19:17.948: [INFO][Sync] Configuring for: Bookmarks, Preferences, Passwords, Autofill Profiles, Autofill, Extensions, Sessions, Extension settings, History Delete Directives, Device Info, User Consents, Send Tab To Self, Web Apps, History, Saved Tab Group, Collection, Edge E Drop, Edge Hub App Usage, Edge Tab Group, Edge Wallet, Encryption Keys, reason: 3, current state: 0
2025-04-16 08:19:17.948: [WARN][Sync] Crypto error data types: Passwords, Autofill Profiles, Autofill
2025-04-16 08:19:17.949: [INFO][Sync] Configure, desired: Bookmarks, Preferences, Extensions, Sessions, Extension settings, History Delete Directives, Device Info, User Consents, Send Tab To Self, Web Apps, History, Saved Tab Group, Collection, Edge E Drop, Edge Hub App Usage, Edge Tab Group, Edge Wallet, Encryption Keys; Allow fail: Passwords, Autofill Profiles, Autofill
2025-04-16 08:19:17.949: [INFO][Sync] Loading: Bookmarks
2025-04-16 08:19:17.949: [INFO][Sync] Loading: Preferences
2025-04-16 08:19:17.949: [INFO][Sync] Loading: Extensions
2025-04-16 08:19:17.949: [INFO][Sync] Loading: Sessions
2025-04-16 08:19:17.949: [INFO][Sync] Loading: Extension settings
2025-04-16 08:19:17.949: [INFO][Sync] Loading: History Delete Directives
2025-04-16 08:19:17.949: [INFO][Sync] Loading: Device Info
2025-04-16 08:19:17.950: [INFO][Sync] Loading: User Consents
2025-04-16 08:19:17.950: [INFO][Sync] Loading: Send Tab To Self
2025-04-16 08:19:17.950: [INFO][Sync] Loading: Web Apps
2025-04-16 08:19:17.950: [INFO][Sync] Loading: History
2025-04-16 08:19:17.950: [INFO][Sync] Loading: Saved Tab Group
2025-04-16 08:19:17.950: [INFO][Sync] Loading: Collection
2025-04-16 08:19:17.950: [INFO][Sync] Loading: Edge E Drop
2025-04-16 08:19:17.950: [INFO][Sync] Loading: Edge Hub App Usage
2025-04-16 08:19:17.950: [INFO][Sync] Loading: Edge Tab Group
2025-04-16 08:19:17.950: [INFO][Sync] Loading: Edge Wallet
2025-04-16 08:19:17.952: [INFO][Sync] All data types are ready for configure.
2025-04-16 08:19:18.349: [INFO][Sync] Started DataTypeManager configuration, reason: 5
2025-04-16 08:19:18.349: [INFO][Sync] Configuring for: Bookmarks, Preferences, Passwords, Autofill Profiles, Autofill, Extensions, Sessions, Extension settings, History Delete Directives, Device Info, User Consents, Send Tab To Self, Web Apps, History, Saved Tab Group, Collection, Edge E Drop, Edge Hub App Usage, Edge Tab Group, Edge Wallet, Encryption Keys, reason: 5, current state: 1
2025-04-16 08:19:18.358: [INFO][SyncEngineBackend::DoStartConfiguration] Start configuration
2025-04-16 08:19:18.358: [INFO][SyncManagerImpl::NudgeForInitialDownload] Initial download nudge for Bookmarks
2025-04-16 08:19:18.358: [INFO][SyncManagerImpl::NudgeForInitialDownload] Initial download nudge for Preferences
2025-04-16 08:19:18.358: [INFO][SyncManagerImpl::NudgeForInitialDownload] Initial download nudge for Extensions
2025-04-16 08:19:18.358: [INFO][SyncManagerImpl::NudgeForInitialDownload] Initial download nudge for Sessions
2025-04-16 08:19:18.358: [INFO][SyncManagerImpl::NudgeForInitialDownload] Initial download nudge for Extension settings
2025-04-16 08:19:18.358: [INFO][SyncManagerImpl::NudgeForInitialDownload] Initial download nudge for History Delete Directives
2025-04-16 08:19:18.358: [INFO][SyncManagerImpl::NudgeForInitialDownload] Initial download nudge for Device Info
2025-04-16 08:19:18.358: [INFO][SyncManagerImpl::NudgeForInitialDownload] Initial download nudge for Send Tab To Self
2025-04-16 08:19:18.358: [INFO][SyncManagerImpl::NudgeForInitialDownload] Initial download nudge for Web Apps
2025-04-16 08:19:18.358: [INFO][SyncManagerImpl::NudgeForInitialDownload] Initial download nudge for History
2025-04-16 08:19:18.358: [INFO][SyncManagerImpl::NudgeForInitialDownload] Initial download nudge for Saved Tab Group
2025-04-16 08:19:18.358: [INFO][SyncManagerImpl::NudgeForInitialDownload] Initial download nudge for Collection
2025-04-16 08:19:18.358: [INFO][SyncManagerImpl::NudgeForInitialDownload] Initial download nudge for Edge E Drop
2025-04-16 08:19:18.358: [INFO][SyncManagerImpl::NudgeForInitialDownload] Initial download nudge for Edge Hub App Usage
2025-04-16 08:19:18.358: [INFO][SyncManagerImpl::NudgeForInitialDownload] Initial download nudge for Edge Tab Group
2025-04-16 08:19:18.358: [INFO][SyncManagerImpl::NudgeForInitialDownload] Initial download nudge for Edge Wallet
2025-04-16 08:19:18.358: [INFO][SyncManagerImpl::ConfigureSyncer] Types to download:  with reason: 3
2025-04-16 08:19:18.358: [INFO][SyncEngineBackend::DoFinishConfigureDataTypes] Failed to download types:  and succeeded types: 
2025-04-16 08:19:18.358: [INFO][Sync] ConfigurationDone, failed: , succeeded: , remaining count: 4
2025-04-16 08:19:18.358: [WARN][Sync]     Reconfigure requested while configuration ongoing.
2025-04-16 08:19:18.358: [INFO][Sync] Configuring for: Bookmarks, Preferences, Passwords, Autofill Profiles, Autofill, Extensions, Sessions, Extension settings, History Delete Directives, Device Info, User Consents, Send Tab To Self, Web Apps, History, Saved Tab Group, Collection, Edge E Drop, Edge Hub App Usage, Edge Tab Group, Edge Wallet, Encryption Keys, reason: 5, current state: 2
2025-04-16 08:19:18.358: [INFO][Sync] Configure, desired: Bookmarks, Preferences, Passwords, Autofill Profiles, Autofill, Extensions, Sessions, Extension settings, History Delete Directives, Device Info, User Consents, Send Tab To Self, Web Apps, History, Saved Tab Group, Collection, Edge E Drop, Edge Hub App Usage, Edge Tab Group, Edge Wallet, Encryption Keys; Allow fail: 
2025-04-16 08:19:18.358: [INFO][Sync] Loading: Passwords
2025-04-16 08:19:18.358: [INFO][Sync] Loading: Autofill Profiles
2025-04-16 08:19:18.358: [INFO][Sync] Loading: Autofill
2025-04-16 08:19:18.358: [INFO][Sync] All data types are ready for configure.
2025-04-16 08:19:18.360: [INFO][SyncManagerImpl::NudgeForInitialDownload] Initial download nudge for Passwords
2025-04-16 08:19:18.360: [INFO][SyncManagerImpl::NudgeForInitialDownload] Initial download nudge for Autofill Profiles
2025-04-16 08:19:18.360: [INFO][SyncManagerImpl::NudgeForInitialDownload] Initial download nudge for Autofill
2025-04-16 08:19:18.360: [INFO][SyncManagerImpl::ConfigureSyncer] Types to download:  with reason: 5
2025-04-16 08:19:18.360: [INFO][SyncEngineBackend::DoFinishConfigureDataTypes] Failed to download types:  and succeeded types: 
2025-04-16 08:19:18.360: [INFO][Sync] ConfigurationDone, failed: , succeeded: , remaining count: 4
2025-04-16 08:19:18.360: [INFO][Sync] Prepare to configure types: Preferences, Passwords, Device Info, Send Tab To Self, Edge E Drop, Encryption Keys
2025-04-16 08:19:18.360: [INFO][SyncManagerImpl::ConfigureSyncer] Types to download: Preferences, Passwords, Device Info, Send Tab To Self, Edge E Drop, Encryption Keys with reason: 5
2025-04-16 08:19:18.361: [INFO][SyncSchedulerImpl::DoConfigurationSyncCycleJob] Blocked types:  and types to download: Preferences, Passwords, Device Info, Send Tab To Self, Edge E Drop, Encryption Keys
2025-04-16 08:19:19.251: [INFO][SyncEngineBackend::DoFinishConfigureDataTypes] Failed to download types:  and succeeded types: Preferences, Passwords, Device Info, Send Tab To Self, Edge E Drop, Encryption Keys
2025-04-16 08:19:19.252: [INFO][Sync] ConfigurationDone, failed: , succeeded: Preferences, Passwords, Device Info, Send Tab To Self, Edge E Drop, Encryption Keys, remaining count: 3
2025-04-16 08:19:19.252: [INFO][Sync] Prepare to configure types: Bookmarks, Encryption Keys
2025-04-16 08:19:19.252: [INFO][SyncManagerImpl::ConfigureSyncer] Types to download: Bookmarks, Encryption Keys with reason: 5
2025-04-16 08:19:19.252: [INFO][SyncSchedulerImpl::DoConfigurationSyncCycleJob] Blocked types:  and types to download: Bookmarks, Encryption Keys
2025-04-16 08:19:19.705: [INFO][SyncEngineBackend::DoFinishConfigureDataTypes] Failed to download types:  and succeeded types: Bookmarks, Encryption Keys
2025-04-16 08:19:19.713: [INFO][Sync] ConfigurationDone, failed: , succeeded: Bookmarks, Encryption Keys, remaining count: 2
2025-04-16 08:19:19.713: [INFO][Sync] Prepare to configure types: Autofill Profiles, Autofill, Extensions, Sessions, Extension settings, History Delete Directives, Web Apps, Saved Tab Group, Collection, Edge Hub App Usage, Edge Tab Group, Edge Wallet, Encryption Keys
2025-04-16 08:19:19.713: [INFO][SyncManagerImpl::ConfigureSyncer] Types to download: Autofill Profiles, Autofill, Extensions, Sessions, Extension settings, History Delete Directives, Web Apps, Saved Tab Group, Collection, Edge Hub App Usage, Edge Tab Group, Edge Wallet, Encryption Keys with reason: 5
2025-04-16 08:19:19.713: [INFO][SyncSchedulerImpl::DoConfigurationSyncCycleJob] Blocked types:  and types to download: Autofill Profiles, Autofill, Extensions, Sessions, Extension settings, History Delete Directives, Web Apps, Saved Tab Group, Collection, Edge Hub App Usage, Edge Tab Group, Edge Wallet, Encryption Keys
2025-04-16 08:19:20.043: [INFO][SyncEngineBackend::DoFinishConfigureDataTypes] Failed to download types:  and succeeded types: Autofill Profiles, Autofill, Extensions, Sessions, Extension settings, History Delete Directives, Web Apps, Saved Tab Group, Collection, Edge Hub App Usage, Edge Tab Group, Edge Wallet, Encryption Keys
2025-04-16 08:19:20.044: [INFO][Sync] ConfigurationDone, failed: , succeeded: Autofill Profiles, Autofill, Extensions, Sessions, Extension settings, History Delete Directives, Web Apps, Saved Tab Group, Collection, Edge Hub App Usage, Edge Tab Group, Edge Wallet, Encryption Keys, remaining count: 1
2025-04-16 08:19:20.044: [INFO][Sync] Prepare to configure types: History, Encryption Keys
2025-04-16 08:19:20.044: [INFO][SyncManagerImpl::ConfigureSyncer] Types to download: History, Encryption Keys with reason: 5
2025-04-16 08:19:20.044: [INFO][SyncSchedulerImpl::DoConfigurationSyncCycleJob] Blocked types:  and types to download: History, Encryption Keys
2025-04-16 08:19:20.357: [INFO][SyncEngineBackend::DoFinishConfigureDataTypes] Failed to download types:  and succeeded types: History, Encryption Keys
2025-04-16 08:19:20.358: [INFO][Sync] ConfigurationDone, failed: , succeeded: History, Encryption Keys, remaining count: 0
2025-04-16 08:19:20.359: [INFO][Sync]     Configuration completed, state: 7
2025-04-16 08:19:20.359: [INFO][Sync] Configured DataTypeManager: Ok
2025-04-16 08:19:20.360: [INFO][SyncEngineBackend::DoStartSyncing] Start syncing
2025-04-16 08:19:42.827: [INFO][Sync] Reset engine, reason: 0
2025-04-16 08:19:42.827: [INFO][Sync] Reset engine with reason: 0
2025-04-16 08:23:02.903: [INFO][Sync] SyncState after authenticated was: FeatureCanStart
2025-04-16 08:23:03.228: [INFO][Sync] Try to start sync engine
2025-04-16 08:23:03.229: [INFO][SyncManagerImpl::NudgeForInitialDownload] Initial download nudge for Encryption Keys
2025-04-16 08:23:03.229: [INFO][SyncEngineBackend::LoadAndConnectNigoriController] Load and connect Nigori controller
2025-04-16 08:23:03.229: [INFO][SyncEngineBackend::DoInitialize] Control Types added: Encryption Keys
2025-04-16 08:23:03.229: [INFO][SyncManagerImpl::ConfigureSyncer] Types to download: Encryption Keys with reason: 3
2025-04-16 08:23:03.229: [INFO][SyncSchedulerImpl::DoConfigurationSyncCycleJob] Configure job was blocked
2025-04-16 08:23:03.259: [INFO][SyncAuthManager::SetLastAuthError] Current auth error: None
2025-04-16 08:23:03.259: [INFO][SyncAuthManager::EdgeLogTokenErrorState] Token error with: None for account type: MSA
2025-04-16 08:23:03.259: [INFO][Sync] Credentials changed for: EdgeSyncScopeNew
2025-04-16 08:23:03.722: [INFO][SyncAuthManager::SetLastAuthError] Current auth error: None
2025-04-16 08:23:03.722: [INFO][SyncAuthManager::EdgeLogTokenErrorState] Token error with: None for account type: MSA
2025-04-16 08:23:03.722: [INFO][Sync] Credentials changed for: EdgeSyncKeyDataScope
2025-04-16 08:23:03.722: [INFO][SyncEngineBackend::DoUpdateKeyDataCredentials] Update key data credentials
2025-04-16 08:23:03.722: [INFO][SyncEngineBackend::DoUpdateCredentials] Update credentials
2025-04-16 08:23:03.722: [INFO][SyncSchedulerImpl::DoConfigurationSyncCycleJob] Blocked types:  and types to download: Encryption Keys
2025-04-16 08:23:04.069: [INFO][Sync] Started DataTypeManager configuration, reason: 4
2025-04-16 08:23:04.069: [INFO][Sync] Configuring for: Bookmarks, Preferences, Passwords, Autofill Profiles, Autofill, Extensions, Sessions, Extension settings, History Delete Directives, Device Info, User Consents, Send Tab To Self, Web Apps, History, Saved Tab Group, Collection, Edge E Drop, Edge Hub App Usage, Edge Tab Group, Edge Wallet, Encryption Keys, reason: 4, current state: 0
2025-04-16 08:23:04.069: [WARN][Sync] Crypto error data types: Passwords, Autofill Profiles, Autofill
2025-04-16 08:23:04.070: [INFO][Sync] Configure, desired: Bookmarks, Preferences, Extensions, Sessions, Extension settings, History Delete Directives, Device Info, User Consents, Send Tab To Self, Web Apps, History, Saved Tab Group, Collection, Edge E Drop, Edge Hub App Usage, Edge Tab Group, Edge Wallet, Encryption Keys; Allow fail: Passwords, Autofill Profiles, Autofill
2025-04-16 08:23:04.070: [INFO][Sync] Loading: Bookmarks
2025-04-16 08:23:04.070: [INFO][Sync] Loading: Preferences
2025-04-16 08:23:04.070: [INFO][Sync] Loading: Extensions
2025-04-16 08:23:04.070: [INFO][Sync] Loading: Sessions
2025-04-16 08:23:04.070: [INFO][Sync] Loading: Extension settings
2025-04-16 08:23:04.070: [INFO][Sync] Loading: History Delete Directives
2025-04-16 08:23:04.070: [INFO][Sync] Loading: Device Info
2025-04-16 08:23:04.070: [INFO][Sync] Loading: User Consents
2025-04-16 08:23:04.070: [INFO][Sync] Loading: Send Tab To Self
2025-04-16 08:23:04.070: [INFO][Sync] Loading: Web Apps
2025-04-16 08:23:04.070: [INFO][Sync] Loading: History
2025-04-16 08:23:04.070: [INFO][Sync] Loading: Saved Tab Group
2025-04-16 08:23:04.070: [INFO][Sync] Loading: Collection
2025-04-16 08:23:04.070: [INFO][Sync] Loading: Edge E Drop
2025-04-16 08:23:04.070: [INFO][Sync] Loading: Edge Hub App Usage
2025-04-16 08:23:04.070: [INFO][Sync] Loading: Edge Tab Group
2025-04-16 08:23:04.070: [INFO][Sync] Loading: Edge Wallet
2025-04-16 08:23:04.076: [INFO][Sync] All data types are ready for configure.
2025-04-16 08:23:04.559: [INFO][Sync] Started DataTypeManager configuration, reason: 5
2025-04-16 08:23:04.559: [INFO][Sync] Configuring for: Bookmarks, Preferences, Passwords, Autofill Profiles, Autofill, Extensions, Sessions, Extension settings, History Delete Directives, Device Info, User Consents, Send Tab To Self, Web Apps, History, Saved Tab Group, Collection, Edge E Drop, Edge Hub App Usage, Edge Tab Group, Edge Wallet, Encryption Keys, reason: 5, current state: 1
2025-04-16 08:23:04.568: [INFO][SyncEngineBackend::DoStartConfiguration] Start configuration
2025-04-16 08:23:04.569: [INFO][SyncManagerImpl::ConfigureSyncer] Types to download:  with reason: 4
2025-04-16 08:23:04.569: [INFO][SyncEngineBackend::DoFinishConfigureDataTypes] Failed to download types:  and succeeded types: 
2025-04-16 08:23:04.569: [INFO][Sync] ConfigurationDone, failed: , succeeded: , remaining count: 4
2025-04-16 08:23:04.569: [WARN][Sync]     Reconfigure requested while configuration ongoing.
2025-04-16 08:23:04.569: [INFO][Sync] Configuring for: Bookmarks, Preferences, Passwords, Autofill Profiles, Autofill, Extensions, Sessions, Extension settings, History Delete Directives, Device Info, User Consents, Send Tab To Self, Web Apps, History, Saved Tab Group, Collection, Edge E Drop, Edge Hub App Usage, Edge Tab Group, Edge Wallet, Encryption Keys, reason: 5, current state: 2
2025-04-16 08:23:04.569: [INFO][Sync] Configure, desired: Bookmarks, Preferences, Passwords, Autofill Profiles, Autofill, Extensions, Sessions, Extension settings, History Delete Directives, Device Info, User Consents, Send Tab To Self, Web Apps, History, Saved Tab Group, Collection, Edge E Drop, Edge Hub App Usage, Edge Tab Group, Edge Wallet, Encryption Keys; Allow fail: 
2025-04-16 08:23:04.569: [INFO][Sync] Loading: Passwords
2025-04-16 08:23:04.569: [INFO][Sync] Loading: Autofill Profiles
2025-04-16 08:23:04.569: [INFO][Sync] Loading: Autofill
2025-04-16 08:23:04.569: [INFO][Sync] All data types are ready for configure.
2025-04-16 08:23:04.569: [INFO][SyncManagerImpl::NudgeForInitialDownload] Initial download nudge for Passwords
2025-04-16 08:23:04.569: [INFO][SyncManagerImpl::ConfigureSyncer] Types to download:  with reason: 5
2025-04-16 08:23:04.569: [INFO][SyncEngineBackend::DoFinishConfigureDataTypes] Failed to download types:  and succeeded types: 
2025-04-16 08:23:04.569: [INFO][Sync] ConfigurationDone, failed: , succeeded: , remaining count: 4
2025-04-16 08:23:04.569: [INFO][Sync] Prepare to configure types: Passwords, Encryption Keys
2025-04-16 08:23:04.569: [INFO][SyncManagerImpl::ConfigureSyncer] Types to download: Passwords, Encryption Keys with reason: 5
2025-04-16 08:23:04.569: [INFO][SyncSchedulerImpl::DoConfigurationSyncCycleJob] Blocked types:  and types to download: Passwords, Encryption Keys
2025-04-16 08:23:05.027: [INFO][SyncEngineBackend::DoFinishConfigureDataTypes] Failed to download types:  and succeeded types: Passwords, Encryption Keys
2025-04-16 08:23:05.028: [INFO][Sync] ConfigurationDone, failed: , succeeded: Passwords, Encryption Keys, remaining count: 3
2025-04-16 08:23:05.028: [INFO][SyncManagerImpl::ConfigureSyncer] Types to download:  with reason: 5
2025-04-16 08:23:05.028: [INFO][SyncEngineBackend::DoFinishConfigureDataTypes] Failed to download types:  and succeeded types: 
2025-04-16 08:23:05.028: [INFO][Sync] ConfigurationDone, failed: , succeeded: , remaining count: 2
2025-04-16 08:23:05.028: [INFO][SyncManagerImpl::ConfigureSyncer] Types to download:  with reason: 5
2025-04-16 08:23:05.028: [INFO][SyncEngineBackend::DoFinishConfigureDataTypes] Failed to download types:  and succeeded types: 
2025-04-16 08:23:05.029: [INFO][Sync] ConfigurationDone, failed: , succeeded: , remaining count: 1
2025-04-16 08:23:05.031: [INFO][SyncManagerImpl::ConfigureSyncer] Types to download:  with reason: 5
2025-04-16 08:23:05.031: [INFO][SyncEngineBackend::DoFinishConfigureDataTypes] Failed to download types:  and succeeded types: 
2025-04-16 08:23:05.031: [INFO][Sync] ConfigurationDone, failed: , succeeded: , remaining count: 0
2025-04-16 08:23:05.032: [INFO][Sync]     Configuration completed, state: 7
2025-04-16 08:23:05.032: [INFO][Sync] Configured DataTypeManager: Ok
2025-04-16 08:23:05.033: [INFO][SyncEngineBackend::DoStartSyncing] Start syncing
2025-04-16 08:23:17.184: [INFO][Sync] Reset engine, reason: 0
2025-04-16 08:23:17.184: [INFO][Sync] Reset engine with reason: 0
